<?xml version="1.0" encoding="UTF-8"?>
<testExecutions version="1">
  <file path="/home/digimindchaz/Chaz_PFE/backendCoding/spec/app.spec.unit.js">
    <testCase name="Testing fetchData function fetchData" duration="11">
      <failure message="Error: expect(received).toEqual(expected) // deep equality"><![CDATA[Error: expect(received).toEqual(expected) // deep equality

- Expected  - 1
+ Received  + 1

- Object {}
+ Promise {}
    at Object.test (/home/digimindchaz/Chaz_PFE/backendCoding/spec/app.spec.unit.js:35:38)
    at Object.asyncJestTest (/home/digimindchaz/Chaz_PFE/backendCoding/node_modules/jest-jasmine2/build/jasmineAsyncInstall.js:100:37)
    at resolve (/home/digimindchaz/Chaz_PFE/backendCoding/node_modules/jest-jasmine2/build/queueRunner.js:47:12)
    at new Promise (<anonymous>)
    at mapper (/home/digimindchaz/Chaz_PFE/backendCoding/node_modules/jest-jasmine2/build/queueRunner.js:30:19)
    at promise.then (/home/digimindchaz/Chaz_PFE/backendCoding/node_modules/jest-jasmine2/build/queueRunner.js:77:41)
    at process._tickCallback (internal/process/next_tick.js:68:7)]]></failure>
    </testCase>
  </file>
</testExecutions>